<?xml version="1.0" encoding="UTF-8"?>
<!-- Generated by org.testng.reporters.JUnitXMLReporter -->
<testsuite ignored="0" hostname="saravanakumar" failures="0" tests="6" name="Test" time="48.129" errors="0" timestamp="31 May 2024 16:27:48 GMT">
  <testcase classname="runner.Testng" name="login" time="12.147"/>
  <testcase classname="runner.Testng" name="testproduct" time="14.486"/>
  <testcase classname="runner.Testng" name="testproduct" time="6.511"/>
  <testcase classname="runner.Testng" name="testproduct" time="6.975"/>
  <testcase classname="runner.Testng" name="testproduct" time="6.856"/>
  <testcase classname="runner.Testng" name="account" time="1.097"/>
</testsuite> <!-- Test -->
